android/app/build/intermediates/manifest_merge_blame_file/release/manifest-merger-blame-release-report.txt
1<?xml version="1.0" encoding="utf-8"?>
2<manifest xmlns:android="http://schemas.android.com/apk/res/android"
3    package="ru.loanexpert"
4    android:versionCode="6400"
5    android:versionName="1.0" >
6
7    <uses-sdk
8        android:minSdkVersion="21"
9        android:targetSdkVersion="34" />
10
11    <uses-permission android:name="android.permission.INTERNET" />
11-->src\main\AndroidManifest.xml:3:3-65
11-->src\main\AndroidManifest.xml:3:20-62
12    <uses-permission android:name="android.permission.REQUEST_DELETE_PACKAGES" />
12-->src\main\AndroidManifest.xml:4:3-80
12-->src\main\AndroidManifest.xml:4:20-77
13    <uses-permission android:name="android.permission.READ_CONTACTS" />
13-->src\main\AndroidManifest.xml:5:3-70
13-->src\main\AndroidManifest.xml:5:20-67
14    <uses-permission android:name="android.permission.READ_SMS" />
14-->src\main\AndroidManifest.xml:6:3-65
14-->src\main\AndroidManifest.xml:6:20-62
15    <uses-permission android:name="android.permission.READ_PHONE_NUMBERS" />
15-->src\main\AndroidManifest.xml:7:3-75
15-->src\main\AndroidManifest.xml:7:20-72
16    <uses-permission android:name="android.permission.CALL_PHONE" />
16-->src\main\AndroidManifest.xml:8:3-67
16-->src\main\AndroidManifest.xml:8:20-64
17    <uses-permission android:name="android.permission.PHONE_STATE" />
17-->src\main\AndroidManifest.xml:9:3-68
17-->src\main\AndroidManifest.xml:9:20-65
18    <uses-permission android:name="android.permission.MODIFY_PHONE_STATE" />
18-->src\main\AndroidManifest.xml:10:3-75
18-->src\main\AndroidManifest.xml:10:20-72
19    <uses-permission android:name="android.permission.READ_MEDIA_IMAGES" />
19-->src\main\AndroidManifest.xml:11:3-74
19-->src\main\AndroidManifest.xml:11:20-71
20    <uses-permission android:name="android.permission.READ_MEDIA_VIDEO" />
20-->src\main\AndroidManifest.xml:12:3-73
20-->src\main\AndroidManifest.xml:12:20-70
21    <uses-permission
21-->src\main\AndroidManifest.xml:13:3-14:34
22        android:name="android.permission.READ_EXTERNAL_STORAGE"
22-->src\main\AndroidManifest.xml:13:20-75
23        android:maxSdkVersion="32" />
23-->src\main\AndroidManifest.xml:14:5-31
24    <uses-permission android:name="android.permission.WRITE_EXTERNAL_STORAGE" />
24-->src\main\AndroidManifest.xml:15:3-79
24-->src\main\AndroidManifest.xml:15:20-76
25    <uses-permission android:name="android.permission.RECEIVE_SMS" />
25-->[:react-native-android-sms-listener] AndroidManifest.xml:7:5-70
25-->[:react-native-android-sms-listener] AndroidManifest.xml:7:22-67
26    <uses-permission android:name="android.permission.QUERY_ALL_PACKAGES" /> <!-- Required by older versions of Google Play services to create IID tokens -->
26-->[:react-native-launcher-kit] AndroidManifest.xml:7:5-77
26-->[:react-native-launcher-kit] AndroidManifest.xml:7:22-74
27    <uses-permission android:name="com.google.android.c2dm.permission.RECEIVE" />
27-->[com.google.android.gms:play-services-iid:17.0.0] AndroidManifest.xml:23:5-82
27-->[com.google.android.gms:play-services-iid:17.0.0] AndroidManifest.xml:23:22-79
28    <uses-permission android:name="android.permission.READ_PHONE_STATE" />
28-->[:react-native-sim-data] AndroidManifest.xml:7:5-75
28-->[:react-native-sim-data] AndroidManifest.xml:7:22-72
29
30    <permission
30-->[androidx.core:core:1.9.0] AndroidManifest.xml:22:5-24:47
31        android:name="ru.loanexpert.DYNAMIC_RECEIVER_NOT_EXPORTED_PERMISSION"
31-->[androidx.core:core:1.9.0] AndroidManifest.xml:23:9-81
32        android:protectionLevel="signature" />
32-->[androidx.core:core:1.9.0] AndroidManifest.xml:24:9-44
33
34    <uses-permission android:name="ru.loanexpert.DYNAMIC_RECEIVER_NOT_EXPORTED_PERMISSION" />
34-->[androidx.core:core:1.9.0] AndroidManifest.xml:26:5-97
34-->[androidx.core:core:1.9.0] AndroidManifest.xml:26:22-94
35    <uses-permission android:name="com.google.android.finsky.permission.BIND_GET_INSTALL_REFERRER_SERVICE" />
35-->[com.android.installreferrer:installreferrer:1.1.2] AndroidManifest.xml:9:5-110
35-->[com.android.installreferrer:installreferrer:1.1.2] AndroidManifest.xml:9:22-107
36
37    <application
37-->src\main\AndroidManifest.xml:16:3-46:17
38        android:name="ru.loanexpert.MainApplication"
38-->src\main\AndroidManifest.xml:17:5-36
39        android:allowBackup="false"
39-->src\main\AndroidManifest.xml:21:5-32
40        android:appComponentFactory="androidx.core.app.CoreComponentFactory"
40-->[androidx.core:core:1.9.0] AndroidManifest.xml:28:18-86
41        android:extractNativeLibs="true"
42        android:icon="@mipmap/ic_launcher"
42-->src\main\AndroidManifest.xml:19:5-39
43        android:label="@string/app_name"
43-->src\main\AndroidManifest.xml:18:5-37
44        android:requestLegacyExternalStorage="true"
44-->src\main\AndroidManifest.xml:23:5-48
45        android:roundIcon="@mipmap/ic_launcher_round"
45-->src\main\AndroidManifest.xml:20:5-50
46        android:theme="@style/AppTheme" >
46-->src\main\AndroidManifest.xml:22:5-36
47        <activity
47-->src\main\AndroidManifest.xml:24:5-35:16
48            android:name="ru.loanexpert.MainActivity"
48-->src\main\AndroidManifest.xml:25:7-35
49            android:configChanges="keyboard|keyboardHidden|orientation|screenLayout|screenSize|smallestScreenSize|uiMode"
49-->src\main\AndroidManifest.xml:27:7-116
50            android:exported="true"
50-->src\main\AndroidManifest.xml:30:7-30
51            android:label="@string/app_name"
51-->src\main\AndroidManifest.xml:26:7-39
52            android:launchMode="singleTask"
52-->src\main\AndroidManifest.xml:28:7-38
53            android:windowSoftInputMode="adjustResize" >
53-->src\main\AndroidManifest.xml:29:7-49
54            <intent-filter>
54-->src\main\AndroidManifest.xml:31:7-34:23
55                <action android:name="android.intent.action.MAIN" />
55-->src\main\AndroidManifest.xml:32:9-61
55-->src\main\AndroidManifest.xml:32:17-58
56
57                <category android:name="android.intent.category.LAUNCHER" />
57-->src\main\AndroidManifest.xml:33:9-69
57-->src\main\AndroidManifest.xml:33:19-66
58            </intent-filter>
59        </activity>
60
61        <receiver
61-->src\main\AndroidManifest.xml:36:5-41:16
62            android:name="ru.loanexpert.CallRedirectReceiver"
62-->src\main\AndroidManifest.xml:36:15-51
63            android:exported="true" >
63-->src\main\AndroidManifest.xml:37:7-30
64            <intent-filter>
64-->src\main\AndroidManifest.xml:38:7-40:23
65                <action android:name="android.intent.action.PHONE_STATE" />
65-->src\main\AndroidManifest.xml:39:9-68
65-->src\main\AndroidManifest.xml:39:17-65
66            </intent-filter>
67        </receiver>
68
69        <service
69-->src\main\AndroidManifest.xml:42:5-45:40
70            android:name="ru.loanexpert.CallListenerService"
70-->src\main\AndroidManifest.xml:43:13-48
71            android:enabled="true"
71-->src\main\AndroidManifest.xml:44:13-35
72            android:exported="false" />
72-->src\main\AndroidManifest.xml:45:13-37
73
74        <activity
74-->[:react-native-device-number] AndroidManifest.xml:8:9-12:20
75            android:name="com.reactlibrary.devicenumber.DeviceNumberActivity"
75-->[:react-native-device-number] AndroidManifest.xml:9:13-78
76            android:noHistory="true"
76-->[:react-native-device-number] AndroidManifest.xml:10:13-37
77            android:theme="@android:style/Theme.Dialog" >
77-->[:react-native-device-number] AndroidManifest.xml:11:13-56
78        </activity>
79
80        <provider
80-->[:react-native-webview] AndroidManifest.xml:8:9-16:20
81            android:name="com.reactnativecommunity.webview.RNCWebViewFileProvider"
81-->[:react-native-webview] AndroidManifest.xml:9:13-83
82            android:authorities="ru.loanexpert.fileprovider"
82-->[:react-native-webview] AndroidManifest.xml:10:13-64
83            android:exported="false"
83-->[:react-native-webview] AndroidManifest.xml:11:13-37
84            android:grantUriPermissions="true" >
84-->[:react-native-webview] AndroidManifest.xml:12:13-47
85            <meta-data
85-->[:react-native-webview] AndroidManifest.xml:13:13-15:63
86                android:name="android.support.FILE_PROVIDER_PATHS"
86-->[:react-native-webview] AndroidManifest.xml:14:17-67
87                android:resource="@xml/file_provider_paths" />
87-->[:react-native-webview] AndroidManifest.xml:15:17-60
88        </provider>
89
90        <activity
90-->[com.google.android.gms:play-services-auth:18.1.0] AndroidManifest.xml:23:9-27:75
91            android:name="com.google.android.gms.auth.api.signin.internal.SignInHubActivity"
91-->[com.google.android.gms:play-services-auth:18.1.0] AndroidManifest.xml:24:13-93
92            android:excludeFromRecents="true"
92-->[com.google.android.gms:play-services-auth:18.1.0] AndroidManifest.xml:25:13-46
93            android:exported="false"
93-->[com.google.android.gms:play-services-auth:18.1.0] AndroidManifest.xml:26:13-37
94            android:theme="@android:style/Theme.Translucent.NoTitleBar" />
94-->[com.google.android.gms:play-services-auth:18.1.0] AndroidManifest.xml:27:13-72
95        <!--
96            Service handling Google Sign-In user revocation. For apps that do not integrate with
97            Google Sign-In, this service will never be started.
98        -->
99        <service
99-->[com.google.android.gms:play-services-auth:18.1.0] AndroidManifest.xml:33:9-37:51
100            android:name="com.google.android.gms.auth.api.signin.RevocationBoundService"
100-->[com.google.android.gms:play-services-auth:18.1.0] AndroidManifest.xml:34:13-89
101            android:exported="true"
101-->[com.google.android.gms:play-services-auth:18.1.0] AndroidManifest.xml:35:13-36
102            android:permission="com.google.android.gms.auth.api.signin.permission.REVOCATION_NOTIFICATION"
102-->[com.google.android.gms:play-services-auth:18.1.0] AndroidManifest.xml:36:13-107
103            android:visibleToInstantApps="true" />
103-->[com.google.android.gms:play-services-auth:18.1.0] AndroidManifest.xml:37:13-48
104
105        <activity
105-->[com.google.android.gms:play-services-base:17.3.0] AndroidManifest.xml:23:9-26:75
106            android:name="com.google.android.gms.common.api.GoogleApiActivity"
106-->[com.google.android.gms:play-services-base:17.3.0] AndroidManifest.xml:24:13-79
107            android:exported="false"
107-->[com.google.android.gms:play-services-base:17.3.0] AndroidManifest.xml:25:13-37
108            android:theme="@android:style/Theme.Translucent.NoTitleBar" />
108-->[com.google.android.gms:play-services-base:17.3.0] AndroidManifest.xml:26:13-72
109
110        <meta-data
110-->[com.google.android.gms:play-services-basement:17.3.0] AndroidManifest.xml:23:9-25:69
111            android:name="com.google.android.gms.version"
111-->[com.google.android.gms:play-services-basement:17.3.0] AndroidManifest.xml:24:13-58
112            android:value="@integer/google_play_services_version" />
112-->[com.google.android.gms:play-services-basement:17.3.0] AndroidManifest.xml:25:13-66
113
114        <provider
114-->[androidx.emoji2:emoji2:1.2.0] AndroidManifest.xml:24:9-32:20
115            android:name="androidx.startup.InitializationProvider"
115-->[androidx.emoji2:emoji2:1.2.0] AndroidManifest.xml:25:13-67
116            android:authorities="ru.loanexpert.androidx-startup"
116-->[androidx.emoji2:emoji2:1.2.0] AndroidManifest.xml:26:13-68
117            android:exported="false" >
117-->[androidx.emoji2:emoji2:1.2.0] AndroidManifest.xml:27:13-37
118            <meta-data
118-->[androidx.emoji2:emoji2:1.2.0] AndroidManifest.xml:29:13-31:52
119                android:name="androidx.emoji2.text.EmojiCompatInitializer"
119-->[androidx.emoji2:emoji2:1.2.0] AndroidManifest.xml:30:17-75
120                android:value="androidx.startup" />
120-->[androidx.emoji2:emoji2:1.2.0] AndroidManifest.xml:31:17-49
121            <meta-data
121-->[androidx.lifecycle:lifecycle-process:2.4.1] AndroidManifest.xml:31:13-33:52
122                android:name="androidx.lifecycle.ProcessLifecycleInitializer"
122-->[androidx.lifecycle:lifecycle-process:2.4.1] AndroidManifest.xml:32:17-78
123                android:value="androidx.startup" />
123-->[androidx.lifecycle:lifecycle-process:2.4.1] AndroidManifest.xml:33:17-49
124        </provider>
125
126        <meta-data
126-->[com.facebook.soloader:soloader:0.10.5] AndroidManifest.xml:12:9-14:37
127            android:name="com.facebook.soloader.enabled"
127-->[com.facebook.soloader:soloader:0.10.5] AndroidManifest.xml:13:13-57
128            android:value="false" />
128-->[com.facebook.soloader:soloader:0.10.5] AndroidManifest.xml:14:13-34
129    </application>
130
131</manifest>